<div style="padding-left:30px; padding-right:30px; padding-top:4px; padding-bottom:4px; background-color:#ffffff;">&#13;
        		<a name="ACV" id="ACV"/>&#13;
		<strong><br/>&#13;
		Apple Cider Vinegar		</strong><br/><div style="padding-top:12px;"><table id="ratingTable" cellpadding="0" cellspacing="0"><tr><td><div align="center" style="font-size:11px;">Ratings:</div>&#13;
						<table cellpadding="0" cellspacing="0"><tr><td><div style="width:27px;"><font size="1" color="#0000FF"><strong>139</strong></font></div></td>&#13;
						<td style="float:right;"><font size="1"><strong>YEA</strong></font></td>&#13;
						</tr><tr/></table><table cellpadding="0" cellspacing="0"><tr><td><div style="width:27px;"><font size="1" color="#FF0000"><strong>11</strong></font></div></td>&#13;
						<td style="float:right;"><font size="1"><strong>NAY</strong></font></td>&#13;
						</tr><tr/></table><table cellpadding="0" cellspacing="0"><tr><td><div style="width:27px;"><font size="1" color="#3399CC"><strong>1</strong></font></div></td>&#13;
						<td style="float:right;"><font size="1"><strong>BETTER BUT WITH SIDE EFFECTS</strong></font></td>&#13;
						</tr><tr/></table><table cellpadding="0" cellspacing="0"><tr><td><div style="width:27px;"><font size="1" color="#006600"><strong>10</strong></font></div></td>&#13;
						<td style="float:right;"><font size="1"><strong>BETTER BUT NOT CURED</strong></font></td>&#13;
						</tr><tr/></table><table cellpadding="0" cellspacing="0"><tr><td><div style="width:27px;"><font size="1" color="#FF8000"><strong>1</strong></font></div></td>&#13;
						<td style="float:right;"><font size="1"><strong>SIDE EFFECT</strong></font></td>&#13;
						</tr><tr/></table></td></tr></table></div><a name="ACV_88695" id="ACV_88695"/><p align="left">[<font color="#FF0000"><b>NAY</b></font>]&#160;&#160;11/18/2012: My2cents from Rock Hill, Sc, USA<!-- writes -->: "Talk about regrets! I am an ACV fanatic. I believe whole heartedly in the power of ACV. Especially the unfiltered, unpasteurized ACV with "the mother". BUT in this case, I regret it. I started out with a very sore throat. I was unable to swallow food, and swallowing even liquids was uncomfortable, but not unbearable. I mixed the vinegar and honey. Gargled, swallowed. I noticed that WHILE I was gargling I felt great. My throat did not hurt at all. And for maybe ten seconds afterward. THEN, I noticed that gradually, my throat got worse and worse. It now hurts so bad to swallow that I try just spitting unless I am drinking something. I say proceed with caution."</p><font color="navy">Replies</font><div style="width: 165px;"><div style="background-color: navy; border-top: 1px solid navy;"/></div>&#13;
            		<blockquote><div style="height:15px;"/>&#13;
        <!-- <p align="left"></p> -->&#13;
11/19/2012: Bugsy77  from Wichita, Ks, Usa replies: "I used a water, honey, ACV, ginger and cinammon tonic to help with internal yeast I think is causing my perioral dermatitis and it gave me an awful sore throat and terrible indigestion. Didn't work for me either."</blockquote>		<blockquote><div style="height:15px;"/>&#13;
        <!-- <p align="left"></p> -->&#13;
11/21/2012: Lee from Malaysia, Kuala Lumpur replies: "Did you dilute the mixture?"</blockquote>		<blockquote><div style="height:15px;"/>&#13;
        <!-- <p align="left"></p> -->&#13;
02/13/2013: My2cents  from Rock Hill, Sc, Usa replies: "Hi, sorry I did not se your comment sooner. I used the acv/honey as it was directed. So here is what I did, I used two tablespoons of Apple Cider Vinegar and two tbs honey and 1/4 cup warm water. I have never had trouble with vinegar irritating my throat. I believe that perhaps this simply irritated my throat more than it already was. I am usually a big believer in ACV. It just did not do the trick this time."</blockquote>		<blockquote><div style="height:15px;"/>&#13;
        <!-- <p align="left"></p> -->&#13;
04/30/2013: Nicolette  from London, Uk replies: "If you suffer with sensitivity to yeast then I find vinegar of any sort is not advised.&#13;
<p>Try plain warm table salted water. Not too salty as this can feel strong on the skin. Gargle and snort through the sinus system till all passages are clear. Do this 3 time a day on the infected areas for 3 days until clear. This is the most natural way I have found that works for me.</p>&#13;
<p>You can purchase a saline solution nasal spray from the pharmacy for easier applications through the day. Most effective for kids and if you find you are susceptible to picking up colds after travel on long flights!"</p></blockquote><p class="BackToTop"/><div class="action-icons"><ul><li><a href="/contactus.php?action=Feedback&amp;pid=480&amp;id=88695&amp;title=Apple Cider Vinegar" target="_new" class="ico-reply">Reply</a></li><li><a href="javascript: void(0)" onclick="MM_openBrWindow('/signin.php?st=480&amp;nd=88695','','scrollbars=1,width=400,height=350')" class="ico-watch">Watch</a></li><li><a href="javascript: void(0)" onclick="mailPost('120596', 'Apple Cider Vinegar', 'Feedback');" class="ico-email">Email</a></li><li><a href="javascript: void(0)" onclick="printPost('120596', 'Apple Cider Vinegar', 'Feedback');" class="ico-print">Print</a></li><li><a href="#top" class="ico-top">To Top</a></li></ul></div><script type="text/javascript">&lt;!--&#13;
google_ad_client = "ca-pub-2476760853251960";&#13;
/* Health_336x280_BTF_HighCTR */&#13;
google_ad_slot = "2636830008";&#13;
google_ad_width = 336;&#13;
google_ad_height = 280;&#13;
//--&gt;&#13;
</script><script type="text/javascript" src="http://pagead2.googlesyndication.com/pagead/show_ads.js">&#13;
</script></div>        
<div style="padding-top:12px;"><table id="ratingTable" cellpadding="0" cellspacing="0"><tr><td><div align="center" style="font-size:11px;">Ratings:</div>&#13;
						<table cellpadding="0" cellspacing="0"><tr><td><div style="width:27px;"><font size="1" color="#0000FF"><strong>139</strong></font></div></td>&#13;
						<td style="float:right;"><font size="1"><strong>YEA</strong></font></td>&#13;
						</tr><tr/></table><table cellpadding="0" cellspacing="0"><tr><td><div style="width:27px;"><font size="1" color="#FF0000"><strong>11</strong></font></div></td>&#13;
						<td style="float:right;"><font size="1"><strong>NAY</strong></font></td>&#13;
						</tr><tr/></table><table cellpadding="0" cellspacing="0"><tr><td><div style="width:27px;"><font size="1" color="#3399CC"><strong>1</strong></font></div></td>&#13;
						<td style="float:right;"><font size="1"><strong>BETTER BUT WITH SIDE EFFECTS</strong></font></td>&#13;
						</tr><tr/></table><table cellpadding="0" cellspacing="0"><tr><td><div style="width:27px;"><font size="1" color="#006600"><strong>10</strong></font></div></td>&#13;
						<td style="float:right;"><font size="1"><strong>BETTER BUT NOT CURED</strong></font></td>&#13;
						</tr><tr/></table><table cellpadding="0" cellspacing="0"><tr><td><div style="width:27px;"><font size="1" color="#FF8000"><strong>1</strong></font></div></td>&#13;
						<td style="float:right;"><font size="1"><strong>SIDE EFFECT</strong></font></td>&#13;
						</tr><tr/></table></td></tr></table></div>
<div align="center" style="font-size:11px;">Ratings:</div>&#13;
						
<div style="width:27px;"><font size="1" color="#0000FF"><strong>139</strong></font></div>
<div style="width:27px;"><font size="1" color="#FF0000"><strong>11</strong></font></div>
<div style="width:27px;"><font size="1" color="#3399CC"><strong>1</strong></font></div>
<div style="width:27px;"><font size="1" color="#006600"><strong>10</strong></font></div>
<div style="width:27px;"><font size="1" color="#FF8000"><strong>1</strong></font></div>
<div style="width: 165px;"><div style="background-color: navy; border-top: 1px solid navy;"/></div>&#13;
            		
<div style="background-color: navy; border-top: 1px solid navy;"/>
<div style="height:15px;"/>&#13;
        
<div style="height:15px;"/>&#13;
        
<div style="height:15px;"/>&#13;
        
<div style="height:15px;"/>&#13;
        
<div class="action-icons"><ul><li><a href="/contactus.php?action=Feedback&amp;pid=480&amp;id=88695&amp;title=Apple Cider Vinegar" target="_new" class="ico-reply">Reply</a></li><li><a href="javascript: void(0)" onclick="MM_openBrWindow('/signin.php?st=480&amp;nd=88695','','scrollbars=1,width=400,height=350')" class="ico-watch">Watch</a></li><li><a href="javascript: void(0)" onclick="mailPost('120596', 'Apple Cider Vinegar', 'Feedback');" class="ico-email">Email</a></li><li><a href="javascript: void(0)" onclick="printPost('120596', 'Apple Cider Vinegar', 'Feedback');" class="ico-print">Print</a></li><li><a href="#top" class="ico-top">To Top</a></li></ul></div>
<div style="padding-left:30px; padding-right:30px; padding-top:4px; padding-bottom:4px; background-color:#ffffff;">&#13;
        <a name="ACV_86547" id="ACV_86547"/><p align="left">[<font color="#006600"><b>BETTER BUT NOT CURED</b></font>]&#160;&#160;10/03/2012: Alex from Mechanicsville, Va<!-- writes -->: "I rinsed with apple cider vinegar (that's it. Didn't have the honey as recommended) and wow that did a job on my throat. It feels 80% better after one treatment. Thanks for the post. I was about to try salt water gargling for the umpteenth time even though it never seemed to work before."</p><font color="navy">Replies</font><div style="width: 165px;"><div style="background-color: navy; border-top: 1px solid navy;"/></div>&#13;
            		<blockquote><div style="height:15px;"/>&#13;
        <!-- <p align="left"></p> -->&#13;
11/10/2012: Vgamemaster4 from America, Usa replies: "Thanks for the tip! It really bugged me when I tried to eat something and my throat stopped me from enjoying it. This really works and I suggest it to people who need a quick temporary cure."</blockquote><p class="BackToTop"/><div class="action-icons"><ul><li><a href="/contactus.php?action=Feedback&amp;pid=480&amp;id=86547&amp;title=Apple Cider Vinegar" target="_new" class="ico-reply">Reply</a></li><li><a href="javascript: void(0)" onclick="MM_openBrWindow('/signin.php?st=480&amp;nd=86547','','scrollbars=1,width=400,height=350')" class="ico-watch">Watch</a></li><li><a href="javascript: void(0)" onclick="mailPost('88365', 'Apple Cider Vinegar', 'Feedback');" class="ico-email">Email</a></li><li><a href="javascript: void(0)" onclick="printPost('88365', 'Apple Cider Vinegar', 'Feedback');" class="ico-print">Print</a></li><li><a href="#top" class="ico-top">To Top</a></li></ul></div></div>        
<div style="width: 165px;"><div style="background-color: navy; border-top: 1px solid navy;"/></div>&#13;
            		
done writing file
